        -:    0:Source:MinMaxAvg.cpp
        -:    0:Graph:MinMaxAvg.gcno
        -:    0:Data:MinMaxAvg.gcda
        -:    0:Runs:1
        -:    0:Programs:1
        -:    1:#include <iostream>
        -:    2:#include "test.h"
        -:    3:using namespace std;
        -:    4:
function main called 1 returned 100% blocks executed 100%
        1:    5:int main(){
        1:    6:    int array[8] = {100,2,3,4,4,23,211,0};
        1:    7:    test t(array, 8);
        1:    7-block  0
call    0 returned 1
branch  1 taken 1 (fallthrough)
branch  2 taken 0 (throw)
        1:    8:    return 1;
        1:    8-block  0
        -:    9:}
